<?xml version="1.0"?>
<testsuite name="HeadlessChrome 83.0.4103 (Windows 10.0.0)" package="" timestamp="2020-06-10T15:51:45" id="0" hostname="DESKTOP-CAORQG0" tests="15" errors="0" failures="0" time="0.693">
  <properties>
    <property name="browser.fullName" value="Mozilla/5.0 (Windows NT 10.0; Win64; x64) AppleWebKit/537.36 (KHTML, like Gecko) HeadlessChrome/83.0.4103.61 Safari/537.36"/>
  </properties>
  <testcase name="GateTableComponent should create" time="0.197" classname="GateTableComponent"/>
  <testcase name="GateFormComponent should create" time="0.134" classname="GateFormComponent"/>
  <testcase name="LoginComponent should create" time="0.017" classname="LoginComponent"/>
  <testcase name="InspectionLogFormComponent should create" time="0.11" classname="InspectionLogFormComponent"/>
  <testcase name="JwPaginationComponent should create" time="0.009" classname="JwPaginationComponent"/>
  <testcase name="HomeComponent should create" time="0.007" classname="HomeComponent"/>
  <testcase name="NavBarComponent should create" time="0.006" classname="NavBarComponent"/>
  <testcase name="AdminComponent should create" time="0.022" classname="AdminComponent"/>
  <testcase name="MaintenanceLogFormComponent should create" time="0.119" classname="MaintenanceLogFormComponent"/>
  <testcase name="FooterComponent should create" time="0.025" classname="FooterComponent"/>
  <testcase name="MaintenanceLogTableComponent should create" time="0.009" classname="MaintenanceLogTableComponent"/>
  <testcase name="UpdateMaintenanceLogComponent should create" time="0.007" classname="UpdateMaintenanceLogComponent"/>
  <testcase name="UpdateInspectionLogComponent should create" time="0.013" classname="UpdateInspectionLogComponent"/>
  <testcase name="InspectionLogTableComponent should create" time="0.011" classname="InspectionLogTableComponent"/>
  <testcase name="UpdateGateComponent should create" time="0.007" classname="UpdateGateComponent"/>
  <system-out>
    <![CDATA[HeadlessChrome 83.0.4103 (Windows 10.0.0) LOG: '2020-06-10'
,HeadlessChrome 83.0.4103 (Windows 10.0.0) LOG: '2020-06-10'

]]>
  </system-out>
  <system-err/>
</testsuite>